Arguments: 
  /home/boluwatife/.nvm/versions/node/v15.4.0/bin/node /usr/share/yarn/bin/yarn.js add @frontendmasters/pets

PATH: 
  /home/boluwatife/Desktop/Frontend/react/learning--react/node_modules/.bin:/home/boluwatife/Desktop/Frontend/react/node_modules/.bin:/home/boluwatife/Desktop/Frontend/node_modules/.bin:/home/boluwatife/Desktop/node_modules/.bin:/home/boluwatife/node_modules/.bin:/home/node_modules/.bin:/node_modules/.bin:/home/boluwatife/.nvm/versions/node/v15.4.0/lib/node_modules/npm/node_modules/@npmcli/run-script/lib/node-gyp-bin:/home/boluwatife/.config/composer/vendor/bin:/home/boluwatife/.composer/vendor/bin:/opt/lampp/:/home/boluwatife/anaconda3/bin:/home/boluwatife/Documents/scripts/Go/bin:/usr/local/go/bin:/home/boluwatife/.local/bin:/home/boluwatife/.config/composer/vendor/bin:/home/boluwatife/.composer/vendor/bin:/opt/lampp/:/home/boluwatife/.nvm/versions/node/v15.4.0/bin:/home/boluwatife/anaconda3/bin:/home/boluwatife/Documents/scripts/Go/bin:/usr/local/go/bin:/home/boluwatife/.local/bin:/usr/local/sbin:/usr/local/bin:/usr/sbin:/usr/bin:/sbin:/bin:/usr/games:/usr/local/games:/snap/bin:/usr/local/go/bin:/home/boluwatife/Documents/scripts/Go/bin:/usr/local/go/bin:/home/boluwatife/Documents/scripts/Go/bin

Yarn version: 
  1.22.0

Node version: 
  15.4.0

Platform: 
  linux x64

Trace: 
  Error: https://registry.yarnpkg.com/@frontendmasters%2fpets: Not found
      at Request.params.callback [as _callback] (/usr/share/yarn/lib/cli.js:66975:18)
      at Request.self.callback (/usr/share/yarn/lib/cli.js:140727:22)
      at Request.emit (node:events:376:20)
      at Request.<anonymous> (/usr/share/yarn/lib/cli.js:141699:10)
      at Request.emit (node:events:376:20)
      at IncomingMessage.<anonymous> (/usr/share/yarn/lib/cli.js:141621:12)
      at Object.onceWrapper (node:events:482:28)
      at IncomingMessage.emit (node:events:388:22)
      at endReadableNT (node:internal/streams/readable:1295:12)
      at processTicksAndRejections (node:internal/process/task_queues:80:21)

npm manifest: 
  {
    "name": "react-learning",
    "version": "1.0.0",
    "description": "",
    "main": "index.js",
    "scripts": {
      "test": "echo \"Error: no test specified\" && exit 1",
      "format": "prettier \"src/**/*.{js,html}\" --write",
      "lint": "eslint \"src/**/*.{js,jsx}\" --quiet",
      "dev": "parcel src/index.html"
    },
    "author": "onifs",
    "license": "ISC",
    "devDependencies": {
      "babel-eslint": "^10.1.0",
      "eslint": "^7.16.0",
      "eslint-config-prettier": "^7.1.0",
      "eslint-plugin-import": "^2.22.1",
      "eslint-plugin-jsx-a11y": "^6.4.1",
      "eslint-plugin-react": "^7.22.0",
      "eslint-plugin-react-hooks": "^4.2.0",
      "parcel-bundler": "^1.3.1",
      "prettier": "^2.2.1"
    },
    "dependencies": {
      "react": "^17.0.1",
      "react-dom": "^17.0.1"
    }
  }

yarn manifest: 
  No manifest

Lockfile: 
  No lockfile
